<?xml version="1.0" encoding="UTF-8"?>
<!-- Generated by org.testng.reporters.JUnitXMLReporter -->
<testsuite ignored="0" hostname="DESKTOP-394PVMG" failures="0" tests="5" name="Surefire test" time="0.096" errors="0" timestamp="2023-11-07T13:50:55 IST">
  <testcase classname="com.lbrce.devops.UserValidationTest" name="testCase1" time="0.027"/>
  <testcase classname="com.lbrce.devops.UserValidationTest" name="testCase2" time="0.0"/>
  <testcase classname="com.lbrce.devops.UserValidationTest" name="testCase3" time="0.001"/>
  <testcase classname="com.lbrce.devops.UserValidationTest" name="testCase4" time="0.002"/>
  <testcase classname="com.lbrce.devops.UserValidationTest" name="testCase5" time="0.002"/>
</testsuite> <!-- Surefire test -->
